#
# A fatal error has been detected by the Java Runtime Environment:
#
#  SIGSEGV (0xb) at pc=0x00007fe9ec41b961, pid=5666, tid=140643267016448
#
# JRE version: 6.0_24-b24
# Java VM: OpenJDK 64-Bit Server VM (20.0-b12 mixed mode linux-amd64 compressed oops)
# Derivative: IcedTea6 1.11.5
# Distribution: Ubuntu 12.04 LTS, package 6b24-1.11.5-0ubuntu1~12.04.1
# Problematic frame:
# C  [libgdk-x11-2.0.so.0+0x4f961]  gdk_display_open+0x41
#
# If you would like to submit a bug report, please include
# instructions how to reproduce the bug and visit:
#   https://bugs.launchpad.net/ubuntu/+source/openjdk-6/
# The crash happened outside the Java Virtual Machine in native code.
# See problematic frame for where to report the bug.
#

---------------  T H R E A D  ---------------

Current thread (0x00007fea08007800):  JavaThread "main" [_thread_in_native, id=5671, stack(0x00007fea0fe87000,0x00007fea0ff88000)]

siginfo:si_signo=SIGSEGV: si_errno=0, si_code=1 (SEGV_MAPERR), si_addr=0x0000000000000114

Registers:
RAX=0x0000000000000000, RBX=0x0000000000000000, RCX=0x00007fea0ff87700, RDX=0x0000000000000000
RSP=0x00007fea0ff865e0, RBP=0x00007fea08354a00, RSI=0x00007fe9ec41b750, RDI=0x00007fea08354a00
R8 =0x00007fea082f78a0, R9 =0x0000000000001627, R10=0x5f455059545f4760, R11=0x0000000000000000
R12=0x00007fe9ed20ace0, R13=0x00000000b843c6d0, R14=0x00007fea0ff867a8, R15=0x00007fea08007800
RIP=0x00007fe9ec41b961, EFLAGS=0x0000000000010246, CSGSFS=0x0000000000000033, ERR=0x0000000000000006
  TRAPNO=0x000000000000000e

Top of Stack: (sp=0x00007fea0ff865e0)
0x00007fea0ff865e0:   00007fe9ec3d2588 00007fea083446c0
0x00007fea0ff865f0:   0000000000000000 0000000000000000
0x00007fea0ff86600:   0000000000000000 00007fe9fcaa8969
0x00007fea0ff86610:   00000000ffffffff 00007fe9fca86599
0x00007fea0ff86620:   0000000000000000 00007fe9ed213de0
0x00007fea0ff86630:   0000000000634058 0000000000000000
0x00007fea0ff86640:   00007fea0ff867a8 00007fea08007800
0x00007fea0ff86650:   00007fe9ec67e000 00007fea0fd9a774
0x00007fea0ff86660:   0000000000000005 0000000000000000
0x00007fea0ff86670:   00007fe9ec3d2588 00007fea00000000
0x00007fea0ff86680:   00007fea08007800 00007fe9ed213de0
0x00007fea0ff86690:   00007fea0ff86730 00007fe9ed20ace0
0x00007fea0ff866a0:   00000000b843c6d0 0000000000000000
0x00007fea0ff866b0:   00007fea0ff86730 00007fe9ed20ace0
0x00007fea0ff866c0:   00000000b843c6d0 00007fea0ff867a8
0x00007fea0ff866d0:   00007fea08007800 00007fe9ec3ea04d
0x00007fea0ff866e0:   0000000000000000 00007fe9ed213de0
0x00007fea0ff866f0:   00007fea0ff86730 00007fe9ec7b2184
0x00007fea0ff86700:   00007fea0ff86730 00007fe9ed232e8e
0x00007fea0ff86710:   00000000b843c6d0 0000000000000000
0x00007fea0ff86720:   00000000b843c6d0 00007fea0ff867a8
0x00007fea0ff86730:   00007fea0ff86740 00007fe9ed21ae1b
0x00007fea0ff86740:   00007fea0ff86790 00007fea05010d68
0x00007fea0ff86750:   00007fea0ff86750 00000000b843c6d0
0x00007fea0ff86760:   00007fea0ff867a8 00000000b84545e8
0x00007fea0ff86770:   0000000000000000 00000000b843c6d0
0x00007fea0ff86780:   0000000000000000 00007fea0ff867b0
0x00007fea0ff86790:   00007fea0ff86800 00007fea05005a82
0x00007fea0ff867a0:   00000000b8451948 00007fea0500df40
0x00007fea0ff867b0:   0000000000000001 00000000eb8d2568
0x00007fea0ff867c0:   00007fea0ff867b0 00000000b843bdd5
0x00007fea0ff867d0:   00007fea0ff86828 00000000b84545e8 

Instructions: (pc=0x00007fe9ec41b961)
0x00007fe9ec41b941:   04 00 00 e8 c7 fe ff ff 31 f6 48 89 c7 31 c0 e8
0x00007fe9ec41b951:   8b c8 fc ff 48 8d 35 f4 fd ff ff 31 d2 48 89 ef
0x00007fe9ec41b961:   c7 80 14 01 00 00 01 00 00 00 48 89 a8 d8 00 00
0x00007fe9ec41b971:   00 48 89 c3 e8 26 cd fc ff 48 8d 35 5f fe 25 00 

Register to memory mapping:

RAX=0x0000000000000000 is an unknown value
RBX=0x0000000000000000 is an unknown value
RCX=0x00007fea0ff87700 is pointing into the stack for thread: 0x00007fea08007800
RDX=0x0000000000000000 is an unknown value
RSP=0x00007fea0ff865e0 is pointing into the stack for thread: 0x00007fea08007800
RBP=0x00007fea08354a00 is an unknown value
RSI=0x00007fe9ec41b750: <offset 0x4f750> in /usr/lib/x86_64-linux-gnu/libgdk-x11-2.0.so.0 at 0x00007fe9ec3cc000
RDI=0x00007fea08354a00 is an unknown value
R8 =0x00007fea082f78a0 is an unknown value
R9 =0x0000000000001627 is an unknown value
R10=0x5f455059545f4760 is an unknown value
R11=0x0000000000000000 is an unknown value
R12=0x00007fe9ed20ace0: <offset 0xfce0> in /usr/lib/jvm/java-6-openjdk-amd64/jre/lib/amd64/xawt/libmawt.so at 0x00007fe9ed1fb000
R13=0x00000000b843c6d0 is an oop
{method} 
 - klass: {other class}
R14=0x00007fea0ff867a8 is pointing into the stack for thread: 0x00007fea08007800
R15=0x00007fea08007800 is a thread


Stack: [0x00007fea0fe87000,0x00007fea0ff88000],  sp=0x00007fea0ff865e0,  free space=1021k
Native frames: (J=compiled Java code, j=interpreted, Vv=VM code, C=native code)
C  [libgdk-x11-2.0.so.0+0x4f961]  gdk_display_open+0x41

Java frames: (J=compiled Java code, j=interpreted, Vv=VM code)
j  sun.awt.UNIXToolkit.load_gtk()Z+0
j  sun.awt.UNIXToolkit.loadGTK()Z+13
j  com.sun.java.swing.plaf.gtk.GTKLookAndFeel.initialize()V+15
j  javax.swing.UIManager.setLookAndFeel(Ljavax/swing/LookAndFeel;)V+74
j  javax.swing.UIManager.setLookAndFeel(Ljava/lang/String;)V+37
j  GTK.setNative()V+3
j  GTK.main([Ljava/lang/String;)V+4
v  ~StubRoutines::call_stub

---------------  P R O C E S S  ---------------

Java Threads: ( => current thread )
  0x00007fea08343800 JavaThread "AWT-XAWT" daemon [_thread_in_native, id=5691, stack(0x00007fe9eccb8000,0x00007fe9ecdb9000)]
  0x00007fea082b6000 JavaThread "Java2D Disposer" daemon [_thread_blocked, id=5690, stack(0x00007fe9fc052000,0x00007fe9fc153000)]
  0x00007fea080a5000 JavaThread "Low Memory Detector" daemon [_thread_blocked, id=5686, stack(0x00007fe9ff81c000,0x00007fe9ff91d000)]
  0x00007fea080a3000 JavaThread "C2 CompilerThread1" daemon [_thread_blocked, id=5685, stack(0x00007fea0402d000,0x00007fea0412e000)]
  0x00007fea080a0000 JavaThread "C2 CompilerThread0" daemon [_thread_blocked, id=5684, stack(0x00007fea0412e000,0x00007fea0422f000)]
  0x00007fea0809e800 JavaThread "Signal Dispatcher" daemon [_thread_blocked, id=5683, stack(0x00007fea0422f000,0x00007fea04330000)]
  0x00007fea08080000 JavaThread "Finalizer" daemon [_thread_blocked, id=5682, stack(0x00007fea04330000,0x00007fea04431000)]
  0x00007fea0807e000 JavaThread "Reference Handler" daemon [_thread_blocked, id=5681, stack(0x00007fea0c01c000,0x00007fea0c11d000)]
=>0x00007fea08007800 JavaThread "main" [_thread_in_native, id=5671, stack(0x00007fea0fe87000,0x00007fea0ff88000)]

Other Threads:
  0x00007fea08077000 VMThread [stack: 0x00007fea04431000,0x00007fea04532000] [id=5680]
  0x00007fea080b0000 WatcherThread [stack: 0x00007fe9ff71b000,0x00007fe9ff81c000] [id=5687]

VM state:not at safepoint (normal execution)

VM Mutex/Monitor currently owned by a thread: None

Heap
 PSYoungGen      total 18368K, used 2843K [0x00000000eb760000, 0x00000000ecbe0000, 0x0000000100000000)
  eden space 15744K, 18% used [0x00000000eb760000,0x00000000eba26c60,0x00000000ec6c0000)
  from space 2624K, 0% used [0x00000000ec950000,0x00000000ec950000,0x00000000ecbe0000)
  to   space 2624K, 0% used [0x00000000ec6c0000,0x00000000ec6c0000,0x00000000ec950000)
 PSOldGen        total 42112K, used 0K [0x00000000c2600000, 0x00000000c4f20000, 0x00000000eb760000)
  object space 42112K, 0% used [0x00000000c2600000,0x00000000c2600000,0x00000000c4f20000)
 PSPermGen       total 21248K, used 7988K [0x00000000b8000000, 0x00000000b94c0000, 0x00000000c2600000)
  object space 21248K, 37% used [0x00000000b8000000,0x00000000b87cd148,0x00000000b94c0000)

Code Cache  [0x00007fea05000000, 0x00007fea05270000, 0x00007fea08000000)
 total_blobs=365 nmethods=18 adapters=301 free_code_cache=49797120 largest_free_block=3456

Dynamic libraries:
00400000-00409000 r-xp 00000000 08:06 10228067                           /usr/lib/jvm/java-6-openjdk-amd64/jre/bin/java
00608000-00609000 r--p 00008000 08:06 10228067                           /usr/lib/jvm/java-6-openjdk-amd64/jre/bin/java
00609000-0060a000 rw-p 00009000 08:06 10228067                           /usr/lib/jvm/java-6-openjdk-amd64/jre/bin/java
014fa000-0151b000 rw-p 00000000 00:00 0                                  [heap]
b8000000-b94c0000 rw-p 00000000 00:00 0 
b94c0000-c2600000 rw-p 00000000 00:00 0 
c2600000-c4f20000 rw-p 00000000 00:00 0 
c4f20000-eb760000 rw-p 00000000 00:00 0 
eb760000-ecbe0000 rw-p 00000000 00:00 0 
ecbe0000-100000000 rw-p 00000000 00:00 0 
7fe998000000-7fe998021000 rw-p 00000000 00:00 0 
7fe998021000-7fe99c000000 ---p 00000000 00:00 0 
7fe99c000000-7fe99c021000 rw-p 00000000 00:00 0 
7fe99c021000-7fe9a0000000 ---p 00000000 00:00 0 
7fe9a0000000-7fe9a0022000 rw-p 00000000 00:00 0 
7fe9a0022000-7fe9a4000000 ---p 00000000 00:00 0 
7fe9a4000000-7fe9a4022000 rw-p 00000000 00:00 0 
7fe9a4022000-7fe9a8000000 ---p 00000000 00:00 0 
7fe9a8000000-7fe9a8021000 rw-p 00000000 00:00 0 
7fe9a8021000-7fe9ac000000 ---p 00000000 00:00 0 
7fe9ac000000-7fe9ac021000 rw-p 00000000 00:00 0 
7fe9ac021000-7fe9b0000000 ---p 00000000 00:00 0 
7fe9b0000000-7fe9b02d3000 rw-p 00000000 00:00 0 
7fe9b02d3000-7fe9b4000000 ---p 00000000 00:00 0 
7fe9b4000000-7fe9b4196000 rw-p 00000000 00:00 0 
7fe9b4196000-7fe9b8000000 ---p 00000000 00:00 0 
7fe9b8000000-7fe9b8021000 rw-p 00000000 00:00 0 
7fe9b8021000-7fe9bc000000 ---p 00000000 00:00 0 
7fe9bc000000-7fe9bc021000 rw-p 00000000 00:00 0 
7fe9bc021000-7fe9c0000000 ---p 00000000 00:00 0 
7fe9c0000000-7fe9c0021000 rw-p 00000000 00:00 0 
7fe9c0021000-7fe9c4000000 ---p 00000000 00:00 0 
7fe9c4000000-7fe9c4021000 rw-p 00000000 00:00 0 
7fe9c4021000-7fe9c8000000 ---p 00000000 00:00 0 
7fe9c8000000-7fe9c8021000 rw-p 00000000 00:00 0 
7fe9c8021000-7fe9cc000000 ---p 00000000 00:00 0 
7fe9d0000000-7fe9d0021000 rw-p 00000000 00:00 0 
7fe9d0021000-7fe9d4000000 ---p 00000000 00:00 0 
7fe9d8000000-7fe9d8021000 rw-p 00000000 00:00 0 
7fe9d8021000-7fe9dc000000 ---p 00000000 00:00 0 
7fe9e0000000-7fe9e0021000 rw-p 00000000 00:00 0 
7fe9e0021000-7fe9e4000000 ---p 00000000 00:00 0 
7fe9e8000000-7fe9e8021000 rw-p 00000000 00:00 0 
7fe9e8021000-7fe9ec000000 ---p 00000000 00:00 0 
7fe9ec1bb000-7fe9ec1cb000 r-xp 00000000 08:06 8129534                    /usr/lib/liboverlay-scrollbar-0.2.so.0.0.16
7fe9ec1cb000-7fe9ec3ca000 ---p 00010000 08:06 8129534                    /usr/lib/liboverlay-scrollbar-0.2.so.0.0.16
7fe9ec3ca000-7fe9ec3cb000 r--p 0000f000 08:06 8129534                    /usr/lib/liboverlay-scrollbar-0.2.so.0.0.16
7fe9ec3cb000-7fe9ec3cc000 rw-p 00010000 08:06 8129534                    /usr/lib/liboverlay-scrollbar-0.2.so.0.0.16
7fe9ec3cc000-7fe9ec479000 r-xp 00000000 08:06 8133685                    /usr/lib/x86_64-linux-gnu/libgdk-x11-2.0.so.0.2400.10
7fe9ec479000-7fe9ec678000 ---p 000ad000 08:06 8133685                    /usr/lib/x86_64-linux-gnu/libgdk-x11-2.0.so.0.2400.10
7fe9ec678000-7fe9ec67c000 r--p 000ac000 08:06 8133685                    /usr/lib/x86_64-linux-gnu/libgdk-x11-2.0.so.0.2400.10
7fe9ec67c000-7fe9ec67e000 rw-p 000b0000 08:06 8133685                    /usr/lib/x86_64-linux-gnu/libgdk-x11-2.0.so.0.2400.10
7fe9ec67e000-7fe9ecaab000 r-xp 00000000 08:06 8133780                    /usr/lib/x86_64-linux-gnu/libgtk-x11-2.0.so.0.2400.10
7fe9ecaab000-7fe9eccab000 ---p 0042d000 08:06 8133780                    /usr/lib/x86_64-linux-gnu/libgtk-x11-2.0.so.0.2400.10
7fe9eccab000-7fe9eccb2000 r--p 0042d000 08:06 8133780                    /usr/lib/x86_64-linux-gnu/libgtk-x11-2.0.so.0.2400.10
7fe9eccb2000-7fe9eccb6000 rw-p 00434000 08:06 8133780                    /usr/lib/x86_64-linux-gnu/libgtk-x11-2.0.so.0.2400.10
7fe9eccb6000-7fe9eccb8000 rw-p 00000000 00:00 0 
7fe9eccb8000-7fe9eccbb000 ---p 00000000 00:00 0 
7fe9eccbb000-7fe9ecdb9000 rw-p 00000000 00:00 0 
7fe9ecdb9000-7fe9ecdf3000 r-xp 00000000 08:06 10358938                   /usr/lib/jvm/java-6-openjdk-amd64/jre/lib/amd64/libfontmanager.so
7fe9ecdf3000-7fe9ecff2000 ---p 0003a000 08:06 10358938                   /usr/lib/jvm/java-6-openjdk-amd64/jre/lib/amd64/libfontmanager.so
7fe9ecff2000-7fe9ecff4000 r--p 00039000 08:06 10358938                   /usr/lib/jvm/java-6-openjdk-amd64/jre/lib/amd64/libfontmanager.so
7fe9ecff4000-7fe9ecff5000 rw-p 0003b000 08:06 10358938                   /usr/lib/jvm/java-6-openjdk-amd64/jre/lib/amd64/libfontmanager.so
7fe9ecff5000-7fe9ecffa000 r-xp 00000000 08:06 8133512                    /usr/lib/x86_64-linux-gnu/libXtst.so.6.1.0
7fe9ecffa000-7fe9ed1f9000 ---p 00005000 08:06 8133512                    /usr/lib/x86_64-linux-gnu/libXtst.so.6.1.0
7fe9ed1f9000-7fe9ed1fa000 r--p 00004000 08:06 8133512                    /usr/lib/x86_64-linux-gnu/libXtst.so.6.1.0
7fe9ed1fa000-7fe9ed1fb000 rw-p 00005000 08:06 8133512                    /usr/lib/x86_64-linux-gnu/libXtst.so.6.1.0
7fe9ed1fb000-7fe9ed246000 r-xp 00000000 08:06 10359019                   /usr/lib/jvm/java-6-openjdk-amd64/jre/lib/amd64/xawt/libmawt.so
7fe9ed246000-7fe9ed446000 ---p 0004b000 08:06 10359019                   /usr/lib/jvm/java-6-openjdk-amd64/jre/lib/amd64/xawt/libmawt.so
7fe9ed446000-7fe9ed447000 r--p 0004b000 08:06 10359019                   /usr/lib/jvm/java-6-openjdk-amd64/jre/lib/amd64/xawt/libmawt.so
7fe9ed447000-7fe9ed44a000 rw-p 0004c000 08:06 10359019                   /usr/lib/jvm/java-6-openjdk-amd64/jre/lib/amd64/xawt/libmawt.so
7fe9ed44a000-7fe9ed44b000 rw-p 00000000 00:00 0 
7fe9ed44b000-7fe9ed4f7000 r-xp 00000000 08:06 10359003                   /usr/lib/jvm/java-6-openjdk-amd64/jre/lib/amd64/libawt.so
7fe9ed4f7000-7fe9ed6f6000 ---p 000ac000 08:06 10359003                   /usr/lib/jvm/java-6-openjdk-amd64/jre/lib/amd64/libawt.so
7fe9ed6f6000-7fe9ed6f7000 r--p 000ab000 08:06 10359003                   /usr/lib/jvm/java-6-openjdk-amd64/jre/lib/amd64/libawt.so
7fe9ed6f7000-7fe9ed702000 rw-p 000ac000 08:06 10359003                   /usr/lib/jvm/java-6-openjdk-amd64/jre/lib/amd64/libawt.so
7fe9ed702000-7fe9ed727000 rw-p 00000000 00:00 0 
7fe9ed727000-7fe9ed72d000 r-xp 00000000 08:06 8133885                    /usr/lib/x86_64-linux-gnu/libogg.so.0.7.1
7fe9ed72d000-7fe9ed92c000 ---p 00006000 08:06 8133885                    /usr/lib/x86_64-linux-gnu/libogg.so.0.7.1
7fe9ed92c000-7fe9ed92d000 r--p 00005000 08:06 8133885                    /usr/lib/x86_64-linux-gnu/libogg.so.0.7.1
7fe9ed92d000-7fe9ed92e000 rw-p 00006000 08:06 8133885                    /usr/lib/x86_64-linux-gnu/libogg.so.0.7.1
7fe9ed92e000-7fe9ed959000 r-xp 00000000 08:06 8134043                    /usr/lib/x86_64-linux-gnu/libvorbis.so.0.4.5
7fe9ed959000-7fe9edb58000 ---p 0002b000 08:06 8134043                    /usr/lib/x86_64-linux-gnu/libvorbis.so.0.4.5
7fe9edb58000-7fe9edb59000 r--p 0002a000 08:06 8134043                    /usr/lib/x86_64-linux-gnu/libvorbis.so.0.4.5
7fe9edb59000-7fe9edb5a000 rw-p 0002b000 08:06 8134043                    /usr/lib/x86_64-linux-gnu/libvorbis.so.0.4.5
7fe9edb5a000-7fe9edb62000 r-xp 00000000 08:06 8133842                    /usr/lib/x86_64-linux-gnu/libltdl.so.7.3.0
7fe9edb62000-7fe9edd62000 ---p 00008000 08:06 8133842                    /usr/lib/x86_64-linux-gnu/libltdl.so.7.3.0
7fe9edd62000-7fe9edd63000 r--p 00008000 08:06 8133842                    /usr/lib/x86_64-linux-gnu/libltdl.so.7.3.0
7fe9edd63000-7fe9edd64000 rw-p 00009000 08:06 8133842                    /usr/lib/x86_64-linux-gnu/libltdl.so.7.3.0
7fe9edd64000-7fe9edd74000 r-xp 00000000 08:06 8134010                    /usr/lib/x86_64-linux-gnu/libtdb.so.1.2.9
7fe9edd74000-7fe9edf73000 ---p 00010000 08:06 8134010                    /usr/lib/x86_64-linux-gnu/libtdb.so.1.2.9
7fe9edf73000-7fe9edf74000 r--p 0000f000 08:06 8134010                    /usr/lib/x86_64-linux-gnu/libtdb.so.1.2.9
7fe9edf74000-7fe9edf75000 rw-p 00010000 08:06 8134010                    /usr/lib/x86_64-linux-gnu/libtdb.so.1.2.9
7fe9edf75000-7fe9edf7c000 r-xp 00000000 08:06 8134047                    /usr/lib/x86_64-linux-gnu/libvorbisfile.so.3.3.4
7fe9edf7c000-7fe9ee17b000 ---p 00007000 08:06 8134047                    /usr/lib/x86_64-linux-gnu/libvorbisfile.so.3.3.4
7fe9ee17b000-7fe9ee17c000 r--p 00006000 08:06 8134047                    /usr/lib/x86_64-linux-gnu/libvorbisfile.so.3.3.4
7fe9ee17c000-7fe9ee17d000 rw-p 00007000 08:06 8134047                    /usr/lib/x86_64-linux-gnu/libvorbisfile.so.3.3.4
7fe9ee17d000-7fe9ee18c000 r-xp 00000000 08:06 8133580                    /usr/lib/x86_64-linux-gnu/libcanberra.so.0.2.5
7fe9ee18c000-7fe9ee38b000 ---p 0000f000 08:06 8133580                    /usr/lib/x86_64-linux-gnu/libcanberra.so.0.2.5
7fe9ee38b000-7fe9ee38c000 r--p 0000e000 08:06 8133580                    /usr/lib/x86_64-linux-gnu/libcanberra.so.0.2.5
7fe9ee38c000-7fe9ee38d000 rw-p 0000f000 08:06 8133580                    /usr/lib/x86_64-linux-gnu/libcanberra.so.0.2.5
7fe9ee38d000-7fe9ee391000 r-xp 00000000 08:06 8133578                    /usr/lib/x86_64-linux-gnu/libcanberra-gtk3.so.0.1.8
7fe9ee391000-7fe9ee590000 ---p 00004000 08:06 8133578                    /usr/lib/x86_64-linux-gnu/libcanberra-gtk3.so.0.1.8
7fe9ee590000-7fe9ee591000 r--p 00003000 08:06 8133578                    /usr/lib/x86_64-linux-gnu/libcanberra-gtk3.so.0.1.8
7fe9ee591000-7fe9ee592000 rw-p 00004000 08:06 8133578                    /usr/lib/x86_64-linux-gnu/libcanberra-gtk3.so.0.1.8
7fe9ee592000-7fe9ee597000 r-xp 00000000 08:06 8391012                    /usr/lib/x86_64-linux-gnu/gtk-3.0/modules/libcanberra-gtk3-module.so
7fe9ee597000-7fe9ee796000 ---p 00005000 08:06 8391012                    /usr/lib/x86_64-linux-gnu/gtk-3.0/modules/libcanberra-gtk3-module.so
7fe9ee796000-7fe9ee797000 r--p 00004000 08:06 8391012                    /usr/lib/x86_64-linux-gnu/gtk-3.0/modules/libcanberra-gtk3-module.so
7fe9ee797000-7fe9ee798000 rw-p 00005000 08:06 8391012                    /usr/lib/x86_64-linux-gnu/gtk-3.0/modules/libcanberra-gtk3-module.so
7fe9ee798000-7fe9ee79c000 r-xp 00000000 08:06 8390816                    /usr/lib/x86_64-linux-gnu/gdk-pixbuf-2.0/2.10.0/loaders/libpixbufloader-png.so
7fe9ee79c000-7fe9ee99c000 ---p 00004000 08:06 8390816                    /usr/lib/x86_64-linux-gnu/gdk-pixbuf-2.0/2.10.0/loaders/libpixbufloader-png.so
7fe9ee99c000-7fe9ee99d000 r--p 00004000 08:06 8390816                    /usr/lib/x86_64-linux-gnu/gdk-pixbuf-2.0/2.10.0/loaders/libpixbufloader-png.so
7fe9ee99d000-7fe9ee99e000 rw-p 00005000 08:06 8390816                    /usr/lib/x86_64-linux-gnu/gdk-pixbuf-2.0/2.10.0/loaders/libpixbufloader-png.so
7fe9ee99e000-7fe9ee9ac000 r-xp 00000000 08:06 8130864                    /usr/lib/gtk-3.0/3.0.0/theming-engines/libunico.so
7fe9ee9ac000-7fe9eebab000 ---p 0000e000 08:06 8130864                    /usr/lib/gtk-3.0/3.0.0/theming-engines/libunico.so
7fe9eebab000-7fe9eebac000 r--p 0000d000 08:06 8130864                    /usr/lib/gtk-3.0/3.0.0/theming-engines/libunico.so
7fe9eebac000-7fe9eebad000 rw-p 0000e000 08:06 8130864                    /usr/lib/gtk-3.0/3.0.0/theming-engines/libunico.so
7fe9eebad000-7fe9eebb9000 r-xp 00000000 08:06 15077777                   /lib/x86_64-linux-gnu/libudev.so.0.13.0
7fe9eebb9000-7fe9eedb8000 ---p 0000c000 08:06 15077777                   /lib/x86_64-linux-gnu/libudev.so.0.13.0
7fe9eedb8000-7fe9eedb9000 r--p 0000b000 08:06 15077777                   /lib/x86_64-linux-gnu/libudev.so.0.13.0
7fe9eedb9000-7fe9eedba000 rw-p 0000c000 08:06 15077777                   /lib/x86_64-linux-gnu/libudev.so.0.13.0
7fe9eedba000-7fe9eedfc000 r-xp 00000000 08:06 15073546                   /lib/x86_64-linux-gnu/libdbus-1.so.3.5.8
7fe9eedfc000-7fe9eeffc000 ---p 00042000 08:06 15073546                   /lib/x86_64-linux-gnu/libdbus-1.so.3.5.8
7fe9eeffc000-7fe9eeffd000 r--p 00042000 08:06 15073546                   /lib/x86_64-linux-gnu/libdbus-1.so.3.5.8
7fe9eeffd000-7fe9eeffe000 rw-p 00043000 08:06 15073546                   /lib/x86_64-linux-gnu/libdbus-1.so.3.5.8
7fe9eeffe000-7fe9eefff000 ---p 00000000 00:00 0 
7fe9eefff000-7fe9ef7ff000 rw-p 00000000 00:00 0 
7fe9ef7ff000-7fe9ef800000 ---p 00000000 00:00 0 
7fe9ef800000-7fe9f0000000 rw-p 00000000 00:00 0 
7fe9f0000000-7fe9f0021000 rw-p 00000000 00:00 0 
7fe9f0021000-7fe9f4000000 ---p 00000000 00:00 0 
7fe9f4084000-7fe9f4085000 r--s 00000000 08:06 7610423                    /var/cache/fontconfig/c05880de57d1f5e948fdfacc138775d9-le64.cache-3
7fe9f4085000-7fe9f408e000 r--s 00000000 08:06 7602279                    /var/cache/fontconfig/945677eb7aeaf62f1d50efc3fb3ec7d8-le64.cache-3
7fe9f408e000-7fe9f40a4000 r-xp 00000000 08:06 8389720                    /usr/lib/x86_64-linux-gnu/gvfs/libgvfscommon.so
7fe9f40a4000-7fe9f42a3000 ---p 00016000 08:06 8389720                    /usr/lib/x86_64-linux-gnu/gvfs/libgvfscommon.so
7fe9f42a3000-7fe9f42a4000 r--p 00015000 08:06 8389720                    /usr/lib/x86_64-linux-gnu/gvfs/libgvfscommon.so
7fe9f42a4000-7fe9f42a5000 rw-p 00016000 08:06 8389720                    /usr/lib/x86_64-linux-gnu/gvfs/libgvfscommon.so
7fe9f42a5000-7fe9f42cd000 r-xp 00000000 08:06 8389718                    /usr/lib/x86_64-linux-gnu/gio/modules/libgvfsdbus.so
7fe9f42cd000-7fe9f44cc000 ---p 00028000 08:06 8389718                    /usr/lib/x86_64-linux-gnu/gio/modules/libgvfsdbus.so
7fe9f44cc000-7fe9f44cd000 r--p 00027000 08:06 8389718                    /usr/lib/x86_64-linux-gnu/gio/modules/libgvfsdbus.so
7fe9f44cd000-7fe9f44ce000 rw-p 00028000 08:06 8389718                    /usr/lib/x86_64-linux-gnu/gio/modules/libgvfsdbus.so
7fe9f44ce000-7fe9f44d5000 r-xp 00000000 08:06 8399720                    /usr/lib/x86_64-linux-gnu/gio/modules/libdconfsettings.so
7fe9f44d5000-7fe9f46d4000 ---p 00007000 08:06 8399720                    /usr/lib/x86_64-linux-gnu/gio/modules/libdconfsettings.so
7fe9f46d4000-7fe9f46d5000 r--p 00006000 08:06 8399720                    /usr/lib/x86_64-linux-gnu/gio/modules/libdconfsettings.so
7fe9f46d5000-7fe9f46d6000 rw-p 00007000 08:06 8399720                    /usr/lib/x86_64-linux-gnu/gio/modules/libdconfsettings.so
7fe9f46d6000-7fe9f46e6000 r-xp 00000000 08:06 8129536                    /usr/lib/liboverlay-scrollbar3-0.2.so.0.0.16
7fe9f46e6000-7fe9f48e6000 ---p 00010000 08:06 8129536                    /usr/lib/liboverlay-scrollbar3-0.2.so.0.0.16
7fe9f48e6000-7fe9f48e7000 r--p 00010000 08:06 8129536                    /usr/lib/liboverlay-scrollbar3-0.2.so.0.0.16
7fe9f48e7000-7fe9f48e8000 rw-p 00011000 08:06 8129536                    /usr/lib/liboverlay-scrollbar3-0.2.so.0.0.16
7fe9f48e8000-7fe9f48ed000 r-xp 00000000 08:06 8133486                    /usr/lib/x86_64-linux-gnu/libXdmcp.so.6.0.0
7fe9f48ed000-7fe9f4aec000 ---p 00005000 08:06 8133486                    /usr/lib/x86_64-linux-gnu/libXdmcp.so.6.0.0
7fe9f4aec000-7fe9f4aed000 r--p 00004000 08:06 8133486                    /usr/lib/x86_64-linux-gnu/libXdmcp.so.6.0.0
7fe9f4aed000-7fe9f4aee000 rw-p 00005000 08:06 8133486                    /usr/lib/x86_64-linux-gnu/libXdmcp.so.6.0.0
7fe9f4aee000-7fe9f4af0000 r-xp 00000000 08:06 8133475                    /usr/lib/x86_64-linux-gnu/libXau.so.6.0.0
7fe9f4af0000-7fe9f4cef000 ---p 00002000 08:06 8133475                    /usr/lib/x86_64-linux-gnu/libXau.so.6.0.0
7fe9f4cef000-7fe9f4cf0000 r--p 00001000 08:06 8133475                    /usr/lib/x86_64-linux-gnu/libXau.so.6.0.0
7fe9f4cf0000-7fe9f4cf1000 rw-p 00002000 08:06 8133475                    /usr/lib/x86_64-linux-gnu/libXau.so.6.0.0
7fe9f4cf1000-7fe9f4d18000 r-xp 00000000 08:06 15077732                   /lib/x86_64-linux-gnu/libexpat.so.1.5.2
7fe9f4d18000-7fe9f4f18000 ---p 00027000 08:06 15077732                   /lib/x86_64-linux-gnu/libexpat.so.1.5.2
7fe9f4f18000-7fe9f4f1a000 r--p 00027000 08:06 15077732                   /lib/x86_64-linux-gnu/libexpat.so.1.5.2
7fe9f4f1a000-7fe9f4f1b000 rw-p 00029000 08:06 15077732                   /lib/x86_64-linux-gnu/libexpat.so.1.5.2
7fe9f4f1b000-7fe9f4f57000 r-xp 00000000 08:06 15076925                   /lib/x86_64-linux-gnu/libpcre.so.3.12.1
7fe9f4f57000-7fe9f5156000 ---p 0003c000 08:06 15076925                   /lib/x86_64-linux-gnu/libpcre.so.3.12.1
7fe9f5156000-7fe9f5157000 r--p 0003b000 08:06 15076925                   /lib/x86_64-linux-gnu/libpcre.so.3.12.1
7fe9f5157000-7fe9f5158000 rw-p 0003c000 08:06 15076925                   /lib/x86_64-linux-gnu/libpcre.so.3.12.1
7fe9f5158000-7fe9f515f000 r-xp 00000000 08:06 8133660                    /usr/lib/x86_64-linux-gnu/libffi.so.6.0.0
7fe9f515f000-7fe9f535e000 ---p 00007000 08:06 8133660                    /usr/lib/x86_64-linux-gnu/libffi.so.6.0.0
7fe9f535e000-7fe9f535f000 r--p 00006000 08:06 8133660                    /usr/lib/x86_64-linux-gnu/libffi.so.6.0.0
7fe9f535f000-7fe9f5360000 rw-p 00007000 08:06 8133660                    /usr/lib/x86_64-linux-gnu/libffi.so.6.0.0
7fe9f5360000-7fe9f5369000 r-xp 00000000 08:06 8133508                    /usr/lib/x86_64-linux-gnu/libXrender.so.1.3.0
7fe9f5369000-7fe9f5568000 ---p 00009000 08:06 8133508                    /usr/lib/x86_64-linux-gnu/libXrender.so.1.3.0
7fe9f5568000-7fe9f5569000 r--p 00008000 08:06 8133508                    /usr/lib/x86_64-linux-gnu/libXrender.so.1.3.0
7fe9f5569000-7fe9f556a000 rw-p 00009000 08:06 8133508                    /usr/lib/x86_64-linux-gnu/libXrender.so.1.3.0
7fe9f556a000-7fe9f5587000 r-xp 00000000 08:06 8127840                    /usr/lib/x86_64-linux-gnu/libxcb.so.1.1.0
7fe9f5587000-7fe9f5786000 ---p 0001d000 08:06 8127840                    /usr/lib/x86_64-linux-gnu/libxcb.so.1.1.0
7fe9f5786000-7fe9f5787000 r--p 0001c000 08:06 8127840                    /usr/lib/x86_64-linux-gnu/libxcb.so.1.1.0
7fe9f5787000-7fe9f5788000 rw-p 0001d000 08:06 8127840                    /usr/lib/x86_64-linux-gnu/libxcb.so.1.1.0
7fe9f5788000-7fe9f5790000 r-xp 00000000 08:06 8127494                    /usr/lib/x86_64-linux-gnu/libxcb-render.so.0.0.0
7fe9f5790000-7fe9f5990000 ---p 00008000 08:06 8127494                    /usr/lib/x86_64-linux-gnu/libxcb-render.so.0.0.0
7fe9f5990000-7fe9f5991000 r--p 00008000 08:06 8127494                    /usr/lib/x86_64-linux-gnu/libxcb-render.so.0.0.0
7fe9f5991000-7fe9f5992000 rw-p 00009000 08:06 8127494                    /usr/lib/x86_64-linux-gnu/libxcb-render.so.0.0.0
7fe9f5992000-7fe9f5994000 r-xp 00000000 08:06 8127864                    /usr/lib/x86_64-linux-gnu/libxcb-shm.so.0.0.0
7fe9f5994000-7fe9f5b93000 ---p 00002000 08:06 8127864                    /usr/lib/x86_64-linux-gnu/libxcb-shm.so.0.0.0
7fe9f5b93000-7fe9f5b94000 r--p 00001000 08:06 8127864                    /usr/lib/x86_64-linux-gnu/libxcb-shm.so.0.0.0
7fe9f5b94000-7fe9f5b95000 rw-p 00002000 08:06 8127864                    /usr/lib/x86_64-linux-gnu/libxcb-shm.so.0.0.0
7fe9f5b95000-7fe9f5bbb000 r-xp 00000000 08:06 15076929                   /lib/x86_64-linux-gnu/libpng12.so.0.46.0
7fe9f5bbb000-7fe9f5dbb000 ---p 00026000 08:06 15076929                   /lib/x86_64-linux-gnu/libpng12.so.0.46.0
7fe9f5dbb000-7fe9f5dbc000 r--p 00026000 08:06 15076929                   /lib/x86_64-linux-gnu/libpng12.so.0.46.0
7fe9f5dbc000-7fe9f5dbd000 rw-p 00027000 08:06 15076929                   /lib/x86_64-linux-gnu/libpng12.so.0.46.0
7fe9f5dbd000-7fe9f5e3e000 r-xp 00000000 08:06 8133917                    /usr/lib/x86_64-linux-gnu/libpixman-1.so.0.24.4
7fe9f5e3e000-7fe9f603d000 ---p 00081000 08:06 8133917                    /usr/lib/x86_64-linux-gnu/libpixman-1.so.0.24.4
7fe9f603d000-7fe9f6043000 r--p 00080000 08:06 8133917                    /usr/lib/x86_64-linux-gnu/libpixman-1.so.0.24.4
7fe9f6043000-7fe9f6044000 rw-p 00086000 08:06 8133917                    /usr/lib/x86_64-linux-gnu/libpixman-1.so.0.24.4
7fe9f6044000-7fe9f605c000 r-xp 00000000 08:06 15073796                   /lib/x86_64-linux-gnu/libresolv-2.15.so
7fe9f605c000-7fe9f625c000 ---p 00018000 08:06 15073796                   /lib/x86_64-linux-gnu/libresolv-2.15.so
7fe9f625c000-7fe9f625d000 r--p 00018000 08:06 15073796                   /lib/x86_64-linux-gnu/libresolv-2.15.so
7fe9f625d000-7fe9f625e000 rw-p 00019000 08:06 15073796                   /lib/x86_64-linux-gnu/libresolv-2.15.so
7fe9f625e000-7fe9f6260000 rw-p 00000000 00:00 0 
7fe9f6260000-7fe9f627d000 r-xp 00000000 08:06 15076940                   /lib/x86_64-linux-gnu/libselinux.so.1
7fe9f627d000-7fe9f647c000 ---p 0001d000 08:06 15076940                   /lib/x86_64-linux-gnu/libselinux.so.1
7fe9f647c000-7fe9f647d000 r--p 0001c000 08:06 15076940                   /lib/x86_64-linux-gnu/libselinux.so.1
7fe9f647d000-7fe9f647e000 rw-p 0001d000 08:06 15076940                   /lib/x86_64-linux-gnu/libselinux.so.1
7fe9f647e000-7fe9f647f000 rw-p 00000000 00:00 0 
7fe9f647f000-7fe9f64b6000 r-xp 00000000 08:06 8133589                    /usr/lib/x86_64-linux-gnu/libcroco-0.6.so.3.0.1
7fe9f64b6000-7fe9f66b5000 ---p 00037000 08:06 8133589                    /usr/lib/x86_64-linux-gnu/libcroco-0.6.so.3.0.1
7fe9f66b5000-7fe9f66b8000 r--p 00036000 08:06 8133589                    /usr/lib/x86_64-linux-gnu/libcroco-0.6.so.3.0.1
7fe9f66b8000-7fe9f66b9000 rw-p 00039000 08:06 8133589                    /usr/lib/x86_64-linux-gnu/libcroco-0.6.so.3.0.1
7fe9f66b9000-7fe9f674f000 r-xp 00000000 08:06 8133668                    /usr/lib/x86_64-linux-gnu/libfreetype.so.6.8.0
7fe9f674f000-7fe9f694e000 ---p 00096000 08:06 8133668                    /usr/lib/x86_64-linux-gnu/libfreetype.so.6.8.0
7fe9f694e000-7fe9f6954000 r--p 00095000 08:06 8133668                    /usr/lib/x86_64-linux-gnu/libfreetype.so.6.8.0
7fe9f6954000-7fe9f6955000 rw-p 0009b000 08:06 8133668                    /usr/lib/x86_64-linux-gnu/libfreetype.so.6.8.0
7fe9f6955000-7fe9f6957000 r-xp 00000000 08:06 8133484                    /usr/lib/x86_64-linux-gnu/libXdamage.so.1.1.0
7fe9f6957000-7fe9f6b56000 ---p 00002000 08:06 8133484                    /usr/lib/x86_64-linux-gnu/libXdamage.so.1.1.0
7fe9f6b56000-7fe9f6b57000 r--p 00001000 08:06 8133484                    /usr/lib/x86_64-linux-gnu/libXdamage.so.1.1.0
7fe9f6b57000-7fe9f6b58000 rw-p 00002000 08:06 8133484                    /usr/lib/x86_64-linux-gnu/libXdamage.so.1.1.0
7fe9f6b58000-7fe9f6b5a000 r-xp 00000000 08:06 8133480                    /usr/lib/x86_64-linux-gnu/libXcomposite.so.1.0.0
7fe9f6b5a000-7fe9f6d59000 ---p 00002000 08:06 8133480                    /usr/lib/x86_64-linux-gnu/libXcomposite.so.1.0.0
7fe9f6d59000-7fe9f6d5a000 r--p 00001000 08:06 8133480                    /usr/lib/x86_64-linux-gnu/libXcomposite.so.1.0.0
7fe9f6d5a000-7fe9f6d5b000 rw-p 00002000 08:06 8133480                    /usr/lib/x86_64-linux-gnu/libXcomposite.so.1.0.0
7fe9f6d5b000-7fe9f6d64000 r-xp 00000000 08:06 8133482                    /usr/lib/x86_64-linux-gnu/libXcursor.so.1.0.2
7fe9f6d64000-7fe9f6f63000 ---p 00009000 08:06 8133482                    /usr/lib/x86_64-linux-gnu/libXcursor.so.1.0.2
7fe9f6f63000-7fe9f6f64000 r--p 00008000 08:06 8133482                    /usr/lib/x86_64-linux-gnu/libXcursor.so.1.0.2
7fe9f6f64000-7fe9f6f65000 rw-p 00009000 08:06 8133482                    /usr/lib/x86_64-linux-gnu/libXcursor.so.1.0.2
7fe9f6f65000-7fe9f6f6d000 r-xp 00000000 08:06 8133506                    /usr/lib/x86_64-linux-gnu/libXrandr.so.2.2.0
7fe9f6f6d000-7fe9f716c000 ---p 00008000 08:06 8133506                    /usr/lib/x86_64-linux-gnu/libXrandr.so.2.2.0
7fe9f716c000-7fe9f716d000 r--p 00007000 08:06 8133506                    /usr/lib/x86_64-linux-gnu/libXrandr.so.2.2.0
7fe9f716d000-7fe9f716e000 rw-p 00008000 08:06 8133506                    /usr/lib/x86_64-linux-gnu/libXrandr.so.2.2.0
7fe9f716e000-7fe9f7170000 r-xp 00000000 08:06 8133496                    /usr/lib/x86_64-linux-gnu/libXinerama.so.1.0.0
7fe9f7170000-7fe9f736f000 ---p 00002000 08:06 8133496                    /usr/lib/x86_64-linux-gnu/libXinerama.so.1.0.0
7fe9f736f000-7fe9f7370000 r--p 00001000 08:06 8133496                    /usr/lib/x86_64-linux-gnu/libXinerama.so.1.0.0
7fe9f7370000-7fe9f7371000 rw-p 00002000 08:06 8133496                    /usr/lib/x86_64-linux-gnu/libXinerama.so.1.0.0
7fe9f7371000-7fe9f7381000 r-xp 00000000 08:06 8133488                    /usr/lib/x86_64-linux-gnu/libXext.so.6.4.0
7fe9f7381000-7fe9f7580000 ---p 00010000 08:06 8133488                    /usr/lib/x86_64-linux-gnu/libXext.so.6.4.0
7fe9f7580000-7fe9f7581000 r--p 0000f000 08:06 8133488                    /usr/lib/x86_64-linux-gnu/libXext.so.6.4.0
7fe9f7581000-7fe9f7582000 rw-p 00010000 08:06 8133488                    /usr/lib/x86_64-linux-gnu/libXext.so.6.4.0
7fe9f7582000-7fe9f75b6000 r-xp 00000000 08:06 8127096                    /usr/lib/x86_64-linux-gnu/libfontconfig.so.1.4.4
7fe9f75b6000-7fe9f77b6000 ---p 00034000 08:06 8127096                    /usr/lib/x86_64-linux-gnu/libfontconfig.so.1.4.4
7fe9f77b6000-7fe9f77b7000 r--p 00034000 08:06 8127096                    /usr/lib/x86_64-linux-gnu/libfontconfig.so.1.4.4
7fe9f77b7000-7fe9f77b8000 rw-p 00035000 08:06 8127096                    /usr/lib/x86_64-linux-gnu/libfontconfig.so.1.4.4
7fe9f77b8000-7fe9f77e1000 r-xp 00000000 08:06 8130077                    /usr/lib/x86_64-linux-gnu/libpangoft2-1.0.so.0.3000.0
7fe9f77e1000-7fe9f79e0000 ---p 00029000 08:06 8130077                    /usr/lib/x86_64-linux-gnu/libpangoft2-1.0.so.0.3000.0
7fe9f79e0000-7fe9f79e1000 r--p 00028000 08:06 8130077                    /usr/lib/x86_64-linux-gnu/libpangoft2-1.0.so.0.3000.0
7fe9f79e1000-7fe9f79e2000 rw-p 00029000 08:06 8130077                    /usr/lib/x86_64-linux-gnu/libpangoft2-1.0.so.0.3000.0
7fe9f79e2000-7fe9f79e8000 r-xp 00000000 08:06 8128043                    /usr/lib/x86_64-linux-gnu/libcairo-gobject.so.2.11000.2
7fe9f79e8000-7fe9f7be8000 ---p 00006000 08:06 8128043                    /usr/lib/x86_64-linux-gnu/libcairo-gobject.so.2.11000.2
7fe9f7be8000-7fe9f7bea000 r--p 00006000 08:06 8128043                    /usr/lib/x86_64-linux-gnu/libcairo-gobject.so.2.11000.2
7fe9f7bea000-7fe9f7beb000 rw-p 00008000 08:06 8128043                    /usr/lib/x86_64-linux-gnu/libcairo-gobject.so.2.11000.2
7fe9f7beb000-7fe9f7bf0000 r-xp 00000000 08:06 8133490                    /usr/lib/x86_64-linux-gnu/libXfixes.so.3.1.0
7fe9f7bf0000-7fe9f7def000 ---p 00005000 08:06 8133490                    /usr/lib/x86_64-linux-gnu/libXfixes.so.3.1.0
7fe9f7def000-7fe9f7df0000 r--p 00004000 08:06 8133490                    /usr/lib/x86_64-linux-gnu/libXfixes.so.3.1.0
7fe9f7df0000-7fe9f7df1000 rw-p 00005000 08:06 8133490                    /usr/lib/x86_64-linux-gnu/libXfixes.so.3.1.0
7fe9f7df1000-7fe9f7dff000 r-xp 00000000 08:06 8133494                    /usr/lib/x86_64-linux-gnu/libXi.so.6.1.0
7fe9f7dff000-7fe9f7ffe000 ---p 0000e000 08:06 8133494                    /usr/lib/x86_64-linux-gnu/libXi.so.6.1.0
7fe9f7ffe000-7fe9f7fff000 r--p 0000d000 08:06 8133494                    /usr/lib/x86_64-linux-gnu/libXi.so.6.1.0
7fe9f7fff000-7fe9f8000000 rw-p 0000e000 08:06 8133494                    /usr/lib/x86_64-linux-gnu/libXi.so.6.1.0
7fe9f8000000-7fe9f8021000 rw-p 00000000 00:00 0 
7fe9f8021000-7fe9fc000000 ---p 00000000 00:00 0 
7fe9fc005000-7fe9fc007000 r--s 00000000 08:06 7610402                    /var/cache/fontconfig/99e8ed0e538f840c565b6ed5dad60d56-le64.cache-3
7fe9fc007000-7fe9fc00f000 r--s 00000000 08:06 7610394                    /var/cache/fontconfig/a6d8cf8e4ec09cdbc8633c31745a07dd-le64.cache-3
7fe9fc00f000-7fe9fc013000 r--s 00000000 08:06 7610378                    /var/cache/fontconfig/2cd17615ca594fa2959ae173292e504c-le64.cache-3
7fe9fc013000-7fe9fc014000 r--s 00000000 08:06 7610353                    /var/cache/fontconfig/e7071f4a29fa870f4323321c154eba04-le64.cache-3
7fe9fc014000-7fe9fc015000 r--s 00000000 08:06 7610346                    /var/cache/fontconfig/0d8c3b2ac0904cb8a57a757ad11a4a08-le64.cache-3
7fe9fc015000-7fe9fc01b000 r--s 00000000 08:06 7610330                    /var/cache/fontconfig/a755afe4a08bf5b97852ceb7400b47bc-le64.cache-3
7fe9fc01b000-7fe9fc024000 r--s 00000000 08:06 7610327                    /var/cache/fontconfig/6d41288fd70b0be22e8c3a91e032eec0-le64.cache-3
7fe9fc024000-7fe9fc052000 r--s 00000000 08:06 7610292                    /var/cache/fontconfig/365b55f210c0a22e9a19e35191240f32-le64.cache-3
7fe9fc052000-7fe9fc055000 ---p 00000000 00:00 0 
7fe9fc055000-7fe9fc153000 rw-p 00000000 00:00 0 
7fe9fc153000-7fe9fc171000 r--s 00000000 08:06 8520143                    /usr/share/mime/mime.cache
7fe9fc174000-7fe9fc176000 r--p 00000000 08:06 9711810                    /usr/share/locale-langpack/en_GB/LC_MESSAGES/gtk20.mo
7fe9fc176000-7fe9fc186000 r--s 00000000 08:06 7610323                    /var/cache/fontconfig/04aabc0a78ac019cf9454389977116d2-le64.cache-3
7fe9fc186000-7fe9fc189000 r--s 00000000 08:06 7610319                    /var/cache/fontconfig/385c0604a188198f04d133e54aba7fe7-le64.cache-3
7fe9fc189000-7fe9fc18a000 r--s 00000000 08:06 7610316                    /var/cache/fontconfig/4794a0821666d79190d59a36cb4f44b5-le64.cache-3
7fe9fc18a000-7fe9fc18d000 r--s 00000000 08:06 7610312                    /var/cache/fontconfig/8801497958630a81b71ace7c5f9b32a8-le64.cache-3
7fe9fc18d000-7fe9fc192000 r--s 00000000 08:06 7610289                    /var/cache/fontconfig/3047814df9a2f067bd2d96a2b9c36e5a-le64.cache-3
7fe9fc192000-7fe9fc195000 r-xp 00000000 08:06 8129779                    /usr/lib/x86_64-linux-gnu/libgmodule-2.0.so.0.3200.3
7fe9fc195000-7fe9fc394000 ---p 00003000 08:06 8129779                    /usr/lib/x86_64-linux-gnu/libgmodule-2.0.so.0.3200.3
7fe9fc394000-7fe9fc395000 r--p 00002000 08:06 8129779                    /usr/lib/x86_64-linux-gnu/libgmodule-2.0.so.0.3200.3
7fe9fc395000-7fe9fc396000 rw-p 00003000 08:06 8129779                    /usr/lib/x86_64-linux-gnu/libgmodule-2.0.so.0.3200.3
7fe9fc396000-7fe9fc4c5000 r-xp 00000000 08:06 8133473                    /usr/lib/x86_64-linux-gnu/libX11.so.6.3.0
7fe9fc4c5000-7fe9fc6c5000 ---p 0012f000 08:06 8133473                    /usr/lib/x86_64-linux-gnu/libX11.so.6.3.0
7fe9fc6c5000-7fe9fc6c6000 r--p 0012f000 08:06 8133473                    /usr/lib/x86_64-linux-gnu/libX11.so.6.3.0
7fe9fc6c6000-7fe9fc6ca000 rw-p 00130000 08:06 8133473                    /usr/lib/x86_64-linux-gnu/libX11.so.6.3.0
7fe9fc6ca000-7fe9fc81b000 r-xp 00000000 08:06 8131812                    /usr/lib/x86_64-linux-gnu/libxml2.so.2.7.8
7fe9fc81b000-7fe9fca1a000 ---p 00151000 08:06 8131812                    /usr/lib/x86_64-linux-gnu/libxml2.so.2.7.8
7fe9fca1a000-7fe9fca22000 r--p 00150000 08:06 8131812                    /usr/lib/x86_64-linux-gnu/libxml2.so.2.7.8
7fe9fca22000-7fe9fca24000 rw-p 00158000 08:06 8131812                    /usr/lib/x86_64-linux-gnu/libxml2.so.2.7.8
7fe9fca24000-7fe9fca25000 rw-p 00000000 00:00 0 
7fe9fca25000-7fe9fcb17000 r-xp 00000000 08:06 15077745                   /lib/x86_64-linux-gnu/libglib-2.0.so.0.3200.3
7fe9fcb17000-7fe9fcd17000 ---p 000f2000 08:06 15077745                   /lib/x86_64-linux-gnu/libglib-2.0.so.0.3200.3
7fe9fcd17000-7fe9fcd18000 r--p 000f2000 08:06 15077745                   /lib/x86_64-linux-gnu/libglib-2.0.so.0.3200.3
7fe9fcd18000-7fe9fcd19000 rw-p 000f3000 08:06 15077745                   /lib/x86_64-linux-gnu/libglib-2.0.so.0.3200.3
7fe9fcd19000-7fe9fcd1a000 rw-p 00000000 00:00 0 
7fe9fcd1a000-7fe9fcd67000 r-xp 00000000 08:06 8129783                    /usr/lib/x86_64-linux-gnu/libgobject-2.0.so.0.3200.3
7fe9fcd67000-7fe9fcf67000 ---p 0004d000 08:06 8129783                    /usr/lib/x86_64-linux-gnu/libgobject-2.0.so.0.3200.3
7fe9fcf67000-7fe9fcf68000 r--p 0004d000 08:06 8129783                    /usr/lib/x86_64-linux-gnu/libgobject-2.0.so.0.3200.3
7fe9fcf68000-7fe9fcf69000 rw-p 0004e000 08:06 8129783                    /usr/lib/x86_64-linux-gnu/libgobject-2.0.so.0.3200.3
7fe9fcf69000-7fe9fd022000 r-xp 00000000 08:06 8127380                    /usr/lib/x86_64-linux-gnu/libcairo.so.2.11000.2
7fe9fd022000-7fe9fd221000 ---p 000b9000 08:06 8127380                    /usr/lib/x86_64-linux-gnu/libcairo.so.2.11000.2
7fe9fd221000-7fe9fd223000 r--p 000b8000 08:06 8127380                    /usr/lib/x86_64-linux-gnu/libcairo.so.2.11000.2
7fe9fd223000-7fe9fd224000 rw-p 000ba000 08:06 8127380                    /usr/lib/x86_64-linux-gnu/libcairo.so.2.11000.2
7fe9fd224000-7fe9fd227000 rw-p 00000000 00:00 0 
7fe9fd227000-7fe9fd245000 r-xp 00000000 08:06 8133687                    /usr/lib/x86_64-linux-gnu/libgdk_pixbuf-2.0.so.0.2600.1
7fe9fd245000-7fe9fd445000 ---p 0001e000 08:06 8133687                    /usr/lib/x86_64-linux-gnu/libgdk_pixbuf-2.0.so.0.2600.1
7fe9fd445000-7fe9fd446000 r--p 0001e000 08:06 8133687                    /usr/lib/x86_64-linux-gnu/libgdk_pixbuf-2.0.so.0.2600.1
7fe9fd446000-7fe9fd447000 rw-p 0001f000 08:06 8133687                    /usr/lib/x86_64-linux-gnu/libgdk_pixbuf-2.0.so.0.2600.1
7fe9fd447000-7fe9fd58f000 r-xp 00000000 08:06 8129781                    /usr/lib/x86_64-linux-gnu/libgio-2.0.so.0.3200.3
7fe9fd58f000-7fe9fd78e000 ---p 00148000 08:06 8129781                    /usr/lib/x86_64-linux-gnu/libgio-2.0.so.0.3200.3
7fe9fd78e000-7fe9fd792000 r--p 00147000 08:06 8129781                    /usr/lib/x86_64-linux-gnu/libgio-2.0.so.0.3200.3
7fe9fd792000-7fe9fd794000 rw-p 0014b000 08:06 8129781                    /usr/lib/x86_64-linux-gnu/libgio-2.0.so.0.3200.3
7fe9fd794000-7fe9fd796000 rw-p 00000000 00:00 0 
7fe9fd796000-7fe9fd7ca000 r-xp 00000000 08:06 8133959                    /usr/lib/x86_64-linux-gnu/librsvg-2.so.2.36.1
7fe9fd7ca000-7fe9fd9c9000 ---p 00034000 08:06 8133959                    /usr/lib/x86_64-linux-gnu/librsvg-2.so.2.36.1
7fe9fd9c9000-7fe9fd9ca000 r--p 00033000 08:06 8133959                    /usr/lib/x86_64-linux-gnu/librsvg-2.so.2.36.1
7fe9fd9ca000-7fe9fd9cb000 rw-p 00034000 08:06 8133959                    /usr/lib/x86_64-linux-gnu/librsvg-2.so.2.36.1
7fe9fd9cb000-7fe9fd9d5000 r-xp 00000000 08:06 8129285                    /usr/lib/libenchant.so.1.6.0
7fe9fd9d5000-7fe9fdbd4000 ---p 0000a000 08:06 8129285                    /usr/lib/libenchant.so.1.6.0
7fe9fdbd4000-7fe9fdbd5000 r--p 00009000 08:06 8129285                    /usr/lib/libenchant.so.1.6.0
7fe9fdbd5000-7fe9fdbd6000 rw-p 0000a000 08:06 8129285                    /usr/lib/libenchant.so.1.6.0
7fe9fdbd6000-7fe9fdc1c000 r-xp 00000000 08:06 8130164                    /usr/lib/x86_64-linux-gnu/libpango-1.0.so.0.3000.0
7fe9fdc1c000-7fe9fde1c000 ---p 00046000 08:06 8130164                    /usr/lib/x86_64-linux-gnu/libpango-1.0.so.0.3000.0
7fe9fde1c000-7fe9fde1e000 r--p 00046000 08:06 8130164                    /usr/lib/x86_64-linux-gnu/libpango-1.0.so.0.3000.0
7fe9fde1e000-7fe9fde1f000 rw-p 00048000 08:06 8130164                    /usr/lib/x86_64-linux-gnu/libpango-1.0.so.0.3000.0
7fe9fde1f000-7fe9fde2a000 r-xp 00000000 08:06 8130227                    /usr/lib/x86_64-linux-gnu/libpangocairo-1.0.so.0.3000.0
7fe9fde2a000-7fe9fe029000 ---p 0000b000 08:06 8130227                    /usr/lib/x86_64-linux-gnu/libpangocairo-1.0.so.0.3000.0
7fe9fe029000-7fe9fe02a000 r--p 0000a000 08:06 8130227                    /usr/lib/x86_64-linux-gnu/libpangocairo-1.0.so.0.3000.0
7fe9fe02a000-7fe9fe02b000 rw-p 0000b000 08:06 8130227                    /usr/lib/x86_64-linux-gnu/libpangocairo-1.0.so.0.3000.0
7fe9fe02b000-7fe9fe04a000 r-xp 00000000 08:06 8133534                    /usr/lib/x86_64-linux-gnu/libatk-1.0.so.0.20409.1
7fe9fe04a000-7fe9fe24a000 ---p 0001f000 08:06 8133534                    /usr/lib/x86_64-linux-gnu/libatk-1.0.so.0.20409.1
7fe9fe24a000-7fe9fe24c000 r--p 0001f000 08:06 8133534                    /usr/lib/x86_64-linux-gnu/libatk-1.0.so.0.20409.1
7fe9fe24c000-7fe9fe24d000 rw-p 00021000 08:06 8133534                    /usr/lib/x86_64-linux-gnu/libatk-1.0.so.0.20409.1
7fe9fe24d000-7fe9fe2c6000 r-xp 00000000 08:06 8128396                    /usr/lib/x86_64-linux-gnu/libgdk-3.so.0.400.2
7fe9fe2c6000-7fe9fe4c6000 ---p 00079000 08:06 8128396                    /usr/lib/x86_64-linux-gnu/libgdk-3.so.0.400.2
7fe9fe4c6000-7fe9fe4c9000 r--p 00079000 08:06 8128396                    /usr/lib/x86_64-linux-gnu/libgdk-3.so.0.400.2
7fe9fe4c9000-7fe9fe4cb000 rw-p 0007c000 08:06 8128396                    /usr/lib/x86_64-linux-gnu/libgdk-3.so.0.400.2
7fe9fe4cb000-7fe9fe945000 r-xp 00000000 08:06 8128397                    /usr/lib/x86_64-linux-gnu/libgtk-3.so.0.400.2
7fe9fe945000-7fe9feb45000 ---p 0047a000 08:06 8128397                    /usr/lib/x86_64-linux-gnu/libgtk-3.so.0.400.2
7fe9feb45000-7fe9feb4c000 r--p 0047a000 08:06 8128397                    /usr/lib/x86_64-linux-gnu/libgtk-3.so.0.400.2
7fe9feb4c000-7fe9feb51000 rw-p 00481000 08:06 8128397                    /usr/lib/x86_64-linux-gnu/libgtk-3.so.0.400.2
7fe9feb51000-7fe9feb53000 rw-p 00000000 00:00 0 
7fe9feb53000-7fe9feb5f000 r-xp 00000000 08:06 8129624                    /usr/lib/libunique-3.0.so.0.0.2
7fe9feb5f000-7fe9fed5e000 ---p 0000c000 08:06 8129624                    /usr/lib/libunique-3.0.so.0.0.2
7fe9fed5e000-7fe9fed5f000 r--p 0000b000 08:06 8129624                    /usr/lib/libunique-3.0.so.0.0.2
7fe9fed5f000-7fe9fed60000 rw-p 0000c000 08:06 8129624                    /usr/lib/libunique-3.0.so.0.0.2
7fe9fed60000-7fe9fed66000 r-xp 00000000 08:06 8133867                    /usr/lib/x86_64-linux-gnu/libnotify.so.4.0.0
7fe9fed66000-7fe9fef66000 ---p 00006000 08:06 8133867                    /usr/lib/x86_64-linux-gnu/libnotify.so.4.0.0
7fe9fef66000-7fe9fef67000 r--p 00006000 08:06 8133867                    /usr/lib/x86_64-linux-gnu/libnotify.so.4.0.0
7fe9fef67000-7fe9fef68000 rw-p 00007000 08:06 8133867                    /usr/lib/x86_64-linux-gnu/libnotify.so.4.0.0
7fe9fef68000-7fe9fefd9000 r-xp 00000000 08:06 8131912                    /usr/lib/x86_64-linux-gnu/libgtksourceview-3.0.so.0.0.0
7fe9fefd9000-7fe9ff1d8000 ---p 00071000 08:06 8131912                    /usr/lib/x86_64-linux-gnu/libgtksourceview-3.0.so.0.0.0
7fe9ff1d8000-7fe9ff1d9000 r--p 00070000 08:06 8131912                    /usr/lib/x86_64-linux-gnu/libgtksourceview-3.0.so.0.0.0
7fe9ff1d9000-7fe9ff1db000 rw-p 00071000 08:06 8131912                    /usr/lib/x86_64-linux-gnu/libgtksourceview-3.0.so.0.0.0
7fe9ff1db000-7fe9ff1dc000 r-xp 00000000 08:06 8129776                    /usr/lib/x86_64-linux-gnu/libgthread-2.0.so.0.3200.3
7fe9ff1dc000-7fe9ff3db000 ---p 00001000 08:06 8129776                    /usr/lib/x86_64-linux-gnu/libgthread-2.0.so.0.3200.3
7fe9ff3db000-7fe9ff3dc000 r--p 00000000 08:06 8129776                    /usr/lib/x86_64-linux-gnu/libgthread-2.0.so.0.3200.3
7fe9ff3dc000-7fe9ff3dd000 rw-p 00001000 08:06 8129776                    /usr/lib/x86_64-linux-gnu/libgthread-2.0.so.0.3200.3
7fe9ff3dd000-7fe9ff4d3000 r-xp 00000000 08:06 11536680                   /usr/lib/jni/libgtkjni-4.1.1.so
7fe9ff4d3000-7fe9ff6d2000 ---p 000f6000 08:06 11536680                   /usr/lib/jni/libgtkjni-4.1.1.so
7fe9ff6d2000-7fe9ff6d3000 r--p 000f5000 08:06 11536680                   /usr/lib/jni/libgtkjni-4.1.1.so
7fe9ff6d3000-7fe9ff6da000 rw-p 000f6000 08:06 11536680                   /usr/lib/jni/libgtkjni-4.1.1.so
7fe9ff6da000-7fe9ff6e1000 r--s 000fb000 08:06 9963813                    /usr/lib/jvm/java-6-openjdk-common/jre/lib/resources.jar
7fe9ff6e1000-7fe9ff6e5000 r--s 0007d000 08:06 9963795                    /usr/lib/jvm/java-6-openjdk-common/jre/lib/jsse.jar
7fe9ff6e5000-7fe9ff70c000 r--s 00135000 08:06 8390785                    /usr/share/java/gtk-4.1.jar
7fe9ff70c000-7fe9ff70f000 r--s 00077000 08:06 9963811                    /usr/lib/jvm/java-6-openjdk-common/jre/lib/ext/localedata.jar
7fe9ff70f000-7fe9ff713000 r--s 00038000 08:06 9963807                    /usr/lib/jvm/java-6-openjdk-common/jre/lib/ext/sunpkcs11.jar
7fe9ff713000-7fe9ff716000 r--s 00031000 08:06 9963803                    /usr/lib/jvm/java-6-openjdk-common/jre/lib/ext/sunjce_provider.jar
7fe9ff716000-7fe9ff718000 r--s 00001000 08:06 9963809                    /usr/lib/jvm/java-6-openjdk-common/jre/lib/ext/dnsns.jar
7fe9ff718000-7fe9ff719000 r--s 00007000 08:06 8397186                    /usr/share/java/java-atk-wrapper.jar
7fe9ff719000-7fe9ff71b000 r--s 0000f000 08:06 9963805                    /usr/lib/jvm/java-6-openjdk-common/jre/lib/ext/pulse-java.jar
7fe9ff71b000-7fe9ff71c000 ---p 00000000 00:00 0 
7fe9ff71c000-7fe9ff81c000 rw-p 00000000 00:00 0 
7fe9ff81c000-7fe9ff81f000 ---p 00000000 00:00 0 
7fe9ff81f000-7fe9ff91d000 rw-p 00000000 00:00 0 
7fe9ff91d000-7fea00000000 r--p 00000000 08:06 8132893                    /usr/lib/locale/locale-archive
7fea00000000-7fea00021000 rw-p 00000000 00:00 0 
7fea00021000-7fea04000000 ---p 00000000 00:00 0 
7fea04000000-7fea04008000 r--s 00000000 08:06 7610018                    /var/cache/fontconfig/52f7bdb7ce746bfd7eaa1985bd9cfa93-le64.cache-3
7fea04008000-7fea0402d000 r--p 00000000 08:06 9045989                    /usr/share/glib-2.0/schemas/gschemas.compiled
7fea0402d000-7fea04030000 ---p 00000000 00:00 0 
7fea04030000-7fea0412e000 rw-p 00000000 00:00 0 
7fea0412e000-7fea04131000 ---p 00000000 00:00 0 
7fea04131000-7fea0422f000 rw-p 00000000 00:00 0 
7fea0422f000-7fea04232000 ---p 00000000 00:00 0 
7fea04232000-7fea04330000 rw-p 00000000 00:00 0 
7fea04330000-7fea04333000 ---p 00000000 00:00 0 
7fea04333000-7fea04431000 rw-p 00000000 00:00 0 
7fea04431000-7fea04432000 ---p 00000000 00:00 0 
7fea04432000-7fea04e6e000 rw-p 00000000 00:00 0 
7fea04e6e000-7fea05000000 r--s 037c2000 08:06 10228061                   /usr/lib/jvm/java-6-openjdk-amd64/jre/lib/rt.jar
7fea05000000-7fea05270000 rwxp 00000000 00:00 0 
7fea05270000-7fea08372000 rw-p 00000000 00:00 0 
7fea08372000-7fea0c000000 ---p 00000000 00:00 0 
7fea0c001000-7fea0c006000 r--s 00000000 08:06 7610139                    /var/cache/fontconfig/b47c4e1ecd0709278f4910c18777a504-le64.cache-3
7fea0c006000-7fea0c016000 r--s 00000000 08:06 7609973                    /var/cache/fontconfig/d52a8644073d54c13679302ca1180695-le64.cache-3
7fea0c016000-7fea0c01c000 r--s 00000000 08:06 7609970                    /var/cache/fontconfig/3f7329c5293ffd510edef78f73874cfd-le64.cache-3
7fea0c01c000-7fea0c01f000 ---p 00000000 00:00 0 
7fea0c01f000-7fea0c145000 rw-p 00000000 00:00 0 
7fea0c145000-7fea0c146000 ---p 00000000 00:00 0 
7fea0c146000-7fea0c246000 rw-p 00000000 00:00 0 
7fea0c246000-7fea0c247000 ---p 00000000 00:00 0 
7fea0c247000-7fea0c347000 rw-p 00000000 00:00 0 
7fea0c347000-7fea0c348000 ---p 00000000 00:00 0 
7fea0c348000-7fea0c448000 rw-p 00000000 00:00 0 
7fea0c448000-7fea0c449000 ---p 00000000 00:00 0 
7fea0c449000-7fea0c549000 rw-p 00000000 00:00 0 
7fea0c549000-7fea0c54a000 ---p 00000000 00:00 0 
7fea0c54a000-7fea0c64a000 rw-p 00000000 00:00 0 
7fea0c64a000-7fea0c64b000 ---p 00000000 00:00 0 
7fea0c64b000-7fea0c74b000 rw-p 00000000 00:00 0 
7fea0c74b000-7fea0c74c000 ---p 00000000 00:00 0 
7fea0c74c000-7fea0c84c000 rw-p 00000000 00:00 0 
7fea0c84c000-7fea0c84d000 ---p 00000000 00:00 0 
7fea0c84d000-7fea0c958000 rw-p 00000000 00:00 0 
7fea0c958000-7fea0c9a0000 rw-p 00000000 00:00 0 
7fea0c9a0000-7fea0c9b5000 rw-p 00000000 00:00 0 
7fea0c9b5000-7fea0cae9000 rw-p 00000000 00:00 0 
7fea0cae9000-7fea0caf4000 rw-p 00000000 00:00 0 
7fea0caf4000-7fea0cb3c000 rw-p 00000000 00:00 0 
7fea0cb3c000-7fea0cb51000 rw-p 00000000 00:00 0 
7fea0cb51000-7fea0cc84000 rw-p 00000000 00:00 0 
7fea0cc84000-7fea0cc8f000 rw-p 00000000 00:00 0 
7fea0cc8f000-7fea0cd29000 rw-p 00000000 00:00 0 
7fea0cd29000-7fea0cd2a000 rw-p 00000000 00:00 0 
7fea0cd2a000-7fea0cd31000 r-xp 00000000 08:06 10358997                   /usr/lib/jvm/java-6-openjdk-amd64/jre/lib/amd64/libzip.so
7fea0cd31000-7fea0cf30000 ---p 00007000 08:06 10358997                   /usr/lib/jvm/java-6-openjdk-amd64/jre/lib/amd64/libzip.so
7fea0cf30000-7fea0cf31000 r--p 00006000 08:06 10358997                   /usr/lib/jvm/java-6-openjdk-amd64/jre/lib/amd64/libzip.so
7fea0cf31000-7fea0cf32000 rw-p 00007000 08:06 10358997                   /usr/lib/jvm/java-6-openjdk-amd64/jre/lib/amd64/libzip.so
7fea0cf32000-7fea0cf3e000 r-xp 00000000 08:06 15073806                   /lib/x86_64-linux-gnu/libnss_files-2.15.so
7fea0cf3e000-7fea0d13d000 ---p 0000c000 08:06 15073806                   /lib/x86_64-linux-gnu/libnss_files-2.15.so
7fea0d13d000-7fea0d13e000 r--p 0000b000 08:06 15073806                   /lib/x86_64-linux-gnu/libnss_files-2.15.so
7fea0d13e000-7fea0d13f000 rw-p 0000c000 08:06 15073806                   /lib/x86_64-linux-gnu/libnss_files-2.15.so
7fea0d13f000-7fea0d149000 r-xp 00000000 08:06 15073798                   /lib/x86_64-linux-gnu/libnss_nis-2.15.so
7fea0d149000-7fea0d349000 ---p 0000a000 08:06 15073798                   /lib/x86_64-linux-gnu/libnss_nis-2.15.so
7fea0d349000-7fea0d34a000 r--p 0000a000 08:06 15073798                   /lib/x86_64-linux-gnu/libnss_nis-2.15.so
7fea0d34a000-7fea0d34b000 rw-p 0000b000 08:06 15073798                   /lib/x86_64-linux-gnu/libnss_nis-2.15.so
7fea0d34b000-7fea0d362000 r-xp 00000000 08:06 15073822                   /lib/x86_64-linux-gnu/libnsl-2.15.so
7fea0d362000-7fea0d561000 ---p 00017000 08:06 15073822                   /lib/x86_64-linux-gnu/libnsl-2.15.so
7fea0d561000-7fea0d562000 r--p 00016000 08:06 15073822                   /lib/x86_64-linux-gnu/libnsl-2.15.so
7fea0d562000-7fea0d563000 rw-p 00017000 08:06 15073822                   /lib/x86_64-linux-gnu/libnsl-2.15.so
7fea0d563000-7fea0d565000 rw-p 00000000 00:00 0 
7fea0d565000-7fea0d56d000 r-xp 00000000 08:06 15073808                   /lib/x86_64-linux-gnu/libnss_compat-2.15.so
7fea0d56d000-7fea0d76c000 ---p 00008000 08:06 15073808                   /lib/x86_64-linux-gnu/libnss_compat-2.15.so
7fea0d76c000-7fea0d76d000 r--p 00007000 08:06 15073808                   /lib/x86_64-linux-gnu/libnss_compat-2.15.so
7fea0d76d000-7fea0d76e000 rw-p 00008000 08:06 15073808                   /lib/x86_64-linux-gnu/libnss_compat-2.15.so
7fea0d76e000-7fea0d79a000 r-xp 00000000 08:06 10358925                   /usr/lib/jvm/java-6-openjdk-amd64/jre/lib/amd64/libjava.so
7fea0d79a000-7fea0d999000 ---p 0002c000 08:06 10358925                   /usr/lib/jvm/java-6-openjdk-amd64/jre/lib/amd64/libjava.so
7fea0d999000-7fea0d99a000 r--p 0002b000 08:06 10358925                   /usr/lib/jvm/java-6-openjdk-amd64/jre/lib/amd64/libjava.so
7fea0d99a000-7fea0d99d000 rw-p 0002c000 08:06 10358925                   /usr/lib/jvm/java-6-openjdk-amd64/jre/lib/amd64/libjava.so
7fea0d99d000-7fea0d9ab000 r-xp 00000000 08:06 10358989                   /usr/lib/jvm/java-6-openjdk-amd64/jre/lib/amd64/libverify.so
7fea0d9ab000-7fea0dbaa000 ---p 0000e000 08:06 10358989                   /usr/lib/jvm/java-6-openjdk-amd64/jre/lib/amd64/libverify.so
7fea0dbaa000-7fea0dbac000 r--p 0000d000 08:06 10358989                   /usr/lib/jvm/java-6-openjdk-amd64/jre/lib/amd64/libverify.so
7fea0dbac000-7fea0dbad000 rw-p 0000f000 08:06 10358989                   /usr/lib/jvm/java-6-openjdk-amd64/jre/lib/amd64/libverify.so
7fea0dbad000-7fea0dbb4000 r-xp 00000000 08:06 15073794                   /lib/x86_64-linux-gnu/librt-2.15.so
7fea0dbb4000-7fea0ddb3000 ---p 00007000 08:06 15073794                   /lib/x86_64-linux-gnu/librt-2.15.so
7fea0ddb3000-7fea0ddb4000 r--p 00006000 08:06 15073794                   /lib/x86_64-linux-gnu/librt-2.15.so
7fea0ddb4000-7fea0ddb5000 rw-p 00007000 08:06 15073794                   /lib/x86_64-linux-gnu/librt-2.15.so
7fea0ddb5000-7fea0ddca000 r-xp 00000000 08:06 15076873                   /lib/x86_64-linux-gnu/libgcc_s.so.1
7fea0ddca000-7fea0dfc9000 ---p 00015000 08:06 15076873                   /lib/x86_64-linux-gnu/libgcc_s.so.1
7fea0dfc9000-7fea0dfca000 r--p 00014000 08:06 15076873                   /lib/x86_64-linux-gnu/libgcc_s.so.1
7fea0dfca000-7fea0dfcb000 rw-p 00015000 08:06 15076873                   /lib/x86_64-linux-gnu/libgcc_s.so.1
7fea0dfcb000-7fea0e0c6000 r-xp 00000000 08:06 15073802                   /lib/x86_64-linux-gnu/libm-2.15.so
7fea0e0c6000-7fea0e2c5000 ---p 000fb000 08:06 15073802                   /lib/x86_64-linux-gnu/libm-2.15.so
7fea0e2c5000-7fea0e2c6000 r--p 000fa000 08:06 15073802                   /lib/x86_64-linux-gnu/libm-2.15.so
7fea0e2c6000-7fea0e2c7000 rw-p 000fb000 08:06 15073802                   /lib/x86_64-linux-gnu/libm-2.15.so
7fea0e2c7000-7fea0e3a9000 r-xp 00000000 08:06 8134002                    /usr/lib/x86_64-linux-gnu/libstdc++.so.6.0.16
7fea0e3a9000-7fea0e5a8000 ---p 000e2000 08:06 8134002                    /usr/lib/x86_64-linux-gnu/libstdc++.so.6.0.16
7fea0e5a8000-7fea0e5b0000 r--p 000e1000 08:06 8134002                    /usr/lib/x86_64-linux-gnu/libstdc++.so.6.0.16
7fea0e5b0000-7fea0e5b2000 rw-p 000e9000 08:06 8134002                    /usr/lib/x86_64-linux-gnu/libstdc++.so.6.0.16
7fea0e5b2000-7fea0e5c7000 rw-p 00000000 00:00 0 
7fea0e5c7000-7fea0eecc000 r-xp 00000000 08:06 10358859                   /usr/lib/jvm/java-6-openjdk-amd64/jre/lib/amd64/server/libjvm.so
7fea0eecc000-7fea0f0cc000 ---p 00905000 08:06 10358859                   /usr/lib/jvm/java-6-openjdk-amd64/jre/lib/amd64/server/libjvm.so
7fea0f0cc000-7fea0f14c000 r--p 00905000 08:06 10358859                   /usr/lib/jvm/java-6-openjdk-amd64/jre/lib/amd64/server/libjvm.so
7fea0f14c000-7fea0f167000 rw-p 00985000 08:06 10358859                   /usr/lib/jvm/java-6-openjdk-amd64/jre/lib/amd64/server/libjvm.so
7fea0f167000-7fea0f190000 rw-p 00000000 00:00 0 
7fea0f190000-7fea0f1a6000 r-xp 00000000 08:06 15076963                   /lib/x86_64-linux-gnu/libz.so.1.2.3.4
7fea0f1a6000-7fea0f3a5000 ---p 00016000 08:06 15076963                   /lib/x86_64-linux-gnu/libz.so.1.2.3.4
7fea0f3a5000-7fea0f3a6000 r--p 00015000 08:06 15076963                   /lib/x86_64-linux-gnu/libz.so.1.2.3.4
7fea0f3a6000-7fea0f3a7000 rw-p 00016000 08:06 15076963                   /lib/x86_64-linux-gnu/libz.so.1.2.3.4
7fea0f3a7000-7fea0f55c000 r-xp 00000000 08:06 15073780                   /lib/x86_64-linux-gnu/libc-2.15.so
7fea0f55c000-7fea0f75b000 ---p 001b5000 08:06 15073780                   /lib/x86_64-linux-gnu/libc-2.15.so
7fea0f75b000-7fea0f75f000 r--p 001b4000 08:06 15073780                   /lib/x86_64-linux-gnu/libc-2.15.so
7fea0f75f000-7fea0f761000 rw-p 001b8000 08:06 15073780                   /lib/x86_64-linux-gnu/libc-2.15.so
7fea0f761000-7fea0f766000 rw-p 00000000 00:00 0 
7fea0f766000-7fea0f768000 r-xp 00000000 08:06 15073549                   /lib/x86_64-linux-gnu/libdl-2.15.so
7fea0f768000-7fea0f968000 ---p 00002000 08:06 15073549                   /lib/x86_64-linux-gnu/libdl-2.15.so
7fea0f968000-7fea0f969000 r--p 00002000 08:06 15073549                   /lib/x86_64-linux-gnu/libdl-2.15.so
7fea0f969000-7fea0f96a000 rw-p 00003000 08:06 15073549                   /lib/x86_64-linux-gnu/libdl-2.15.so
7fea0f96a000-7fea0f96e000 r-xp 00000000 08:06 10358928                   /usr/lib/jvm/java-6-openjdk-amd64/jre/lib/amd64/jli/libjli.so
7fea0f96e000-7fea0fb6d000 ---p 00004000 08:06 10358928                   /usr/lib/jvm/java-6-openjdk-amd64/jre/lib/amd64/jli/libjli.so
7fea0fb6d000-7fea0fb6e000 r--p 00003000 08:06 10358928                   /usr/lib/jvm/java-6-openjdk-amd64/jre/lib/amd64/jli/libjli.so
7fea0fb6e000-7fea0fb6f000 rw-p 00004000 08:06 10358928                   /usr/lib/jvm/java-6-openjdk-amd64/jre/lib/amd64/jli/libjli.so
7fea0fb6f000-7fea0fb87000 r-xp 00000000 08:06 15073787                   /lib/x86_64-linux-gnu/libpthread-2.15.so
7fea0fb87000-7fea0fd86000 ---p 00018000 08:06 15073787                   /lib/x86_64-linux-gnu/libpthread-2.15.so
7fea0fd86000-7fea0fd87000 r--p 00017000 08:06 15073787                   /lib/x86_64-linux-gnu/libpthread-2.15.so
7fea0fd87000-7fea0fd88000 rw-p 00018000 08:06 15073787                   /lib/x86_64-linux-gnu/libpthread-2.15.so
7fea0fd88000-7fea0fd8c000 rw-p 00000000 00:00 0 
7fea0fd8c000-7fea0fdae000 r-xp 00000000 08:06 15073815                   /lib/x86_64-linux-gnu/ld-2.15.so
7fea0fdaf000-7fea0fdb0000 r--s 00000000 08:06 7610255                    /var/cache/fontconfig/56cf4f4769d0f4abc89a4895d7bd3ae1-le64.cache-3
7fea0fdb0000-7fea0fdbb000 r--s 00000000 08:06 7602276                    /var/cache/fontconfig/e13b20fdb08344e0e664864cc2ede53d-le64.cache-3
7fea0fdbb000-7fea0fdbf000 r--s 00000000 08:06 7602259                    /var/cache/fontconfig/7ef2298fde41cc6eeb7af42e48b7d293-le64.cache-3
7fea0fdbf000-7fea0fdc0000 r--p 00000000 08:06 9711383                    /usr/share/locale-langpack/en_GB/LC_MESSAGES/atk10.mo
7fea0fdc0000-7fea0fdc7000 r--s 00000000 08:06 8400231                    /usr/lib/x86_64-linux-gnu/gconv/gconv-modules.cache
7fea0fdc7000-7fea0fdd1000 rw-p 00000000 00:00 0 
7fea0fdd1000-7fea0fe87000 rw-p 00000000 00:00 0 
7fea0fe87000-7fea0fe8a000 ---p 00000000 00:00 0 
7fea0fe8a000-7fea0ff8d000 rw-p 00000000 00:00 0 
7fea0ff8d000-7fea0ff8e000 r--s 00000000 08:06 7610238                    /var/cache/fontconfig/b9d506c9ac06c20b433354fa67a72993-le64.cache-3
7fea0ff8e000-7fea0ff8f000 r--p 00000000 08:06 9705667                    /usr/share/locale-langpack/en_GB/LC_MESSAGES/gdk-pixbuf.mo
7fea0ff8f000-7fea0ff90000 r--s 00000000 08:06 12860871                   /home/dan/.local/share/mime/mime.cache
7fea0ff90000-7fea0ff95000 r--p 00000000 08:06 12330227                   /home/dan/.config/dconf/user
7fea0ff95000-7fea0ff96000 r--s 00000000 08:06 12330243                   /home/dan/.cache/dconf/user
7fea0ff96000-7fea0ff99000 r--p 00000000 08:06 9711330                    /usr/share/locale-langpack/en_GB/LC_MESSAGES/glib20.mo
7fea0ff99000-7fea0ff9d000 r--p 00000000 08:06 9705594                    /usr/share/locale-langpack/en_GB/LC_MESSAGES/gtk30-properties.mo
7fea0ff9d000-7fea0ff9e000 r--p 00000000 08:06 9714144                    /usr/share/locale-langpack/en_GB/LC_MESSAGES/libc.mo
7fea0ff9e000-7fea0ff9f000 r--p 00000000 08:06 9307232                    /usr/share/locale-langpack/en/LC_MESSAGES/gtk30.mo
7fea0ff9f000-7fea0ffa2000 r--p 00000000 08:06 9709715                    /usr/share/locale-langpack/en_GB/LC_MESSAGES/gtk30.mo
7fea0ffa2000-7fea0ffaa000 rw-s 00000000 08:06 10620312                   /tmp/hsperfdata_dan/5666
7fea0ffaa000-7fea0ffab000 rw-p 00000000 00:00 0 
7fea0ffab000-7fea0ffac000 r--p 00000000 00:00 0 
7fea0ffac000-7fea0ffae000 rw-p 00000000 00:00 0 
7fea0ffae000-7fea0ffaf000 r--p 00022000 08:06 15073815                   /lib/x86_64-linux-gnu/ld-2.15.so
7fea0ffaf000-7fea0ffb1000 rw-p 00023000 08:06 15073815                   /lib/x86_64-linux-gnu/ld-2.15.so
7fff3b0e4000-7fff3b105000 rw-p 00000000 00:00 0                          [stack]
7fff3b14e000-7fff3b14f000 r-xp 00000000 00:00 0                          [vdso]
ffffffffff600000-ffffffffff601000 r-xp 00000000 00:00 0                  [vsyscall]

VM Arguments:
jvm_args: -Dfile.encoding=UTF-8 
java_command: GTK
Launcher Type: SUN_STANDARD

Environment Variables:
PATH=/usr/lib/lightdm/lightdm:/usr/local/sbin:/usr/local/bin:/usr/sbin:/usr/bin:/sbin:/bin:/usr/games
LD_LIBRARY_PATH=/usr/lib/jvm/java-6-openjdk-amd64/jre/lib/amd64/server:/usr/lib/jvm/java-6-openjdk-amd64/jre/lib/amd64:/usr/lib/jvm/java-6-openjdk-amd64/jre/../lib/amd64
SHELL=/bin/bash
DISPLAY=:0

Signal Handlers:
SIGSEGV: [libjvm.so+0x7852e0], sa_mask[0]=0x7ffbfeff, sa_flags=0x10000004
SIGBUS: [libjvm.so+0x7852e0], sa_mask[0]=0x7ffbfeff, sa_flags=0x10000004
SIGFPE: [libjvm.so+0x648d40], sa_mask[0]=0x7ffbfeff, sa_flags=0x10000004
SIGPIPE: SIG_IGN, sa_mask[0]=0x00001000, sa_flags=0x10000000
SIGXFSZ: [libjvm.so+0x648d40], sa_mask[0]=0x7ffbfeff, sa_flags=0x10000004
SIGILL: [libjvm.so+0x648d40], sa_mask[0]=0x7ffbfeff, sa_flags=0x10000004
SIGUSR1: SIG_DFL, sa_mask[0]=0x00000000, sa_flags=0x00000000
SIGUSR2: [libjvm.so+0x648ef0], sa_mask[0]=0x00000004, sa_flags=0x10000004
SIGHUP: [libjvm.so+0x64ba10], sa_mask[0]=0x7ffbfeff, sa_flags=0x10000004
SIGINT: [libjvm.so+0x64ba10], sa_mask[0]=0x7ffbfeff, sa_flags=0x10000004
SIGTERM: [libjvm.so+0x64ba10], sa_mask[0]=0x7ffbfeff, sa_flags=0x10000004
SIGQUIT: [libjvm.so+0x64ba10], sa_mask[0]=0x7ffbfeff, sa_flags=0x10000004


---------------  S Y S T E M  ---------------

OS:Ubuntu 12.04 (precise)
uname:Linux 3.2.0-32-generic #51-Ubuntu SMP Wed Sep 26 21:33:09 UTC 2012 x86_64
libc:glibc 2.15 NPTL 2.15 
rlimit: STACK 8192k, CORE 0k, NPROC 31408, NOFILE 4096, AS infinity
load average:0.20 0.28 0.32

/proc/meminfo:
MemTotal:        4037876 kB
MemFree:          981424 kB
Buffers:          183596 kB
Cached:          1048688 kB
SwapCached:            0 kB
Active:          1694232 kB
Inactive:         878524 kB
Active(anon):    1342684 kB
Inactive(anon):     2376 kB
Active(file):     351548 kB
Inactive(file):   876148 kB
Unevictable:          32 kB
Mlocked:              32 kB
SwapTotal:       4179964 kB
SwapFree:        4179964 kB
Dirty:               136 kB
Writeback:             0 kB
AnonPages:       1341068 kB
Mapped:           405392 kB
Shmem:              4592 kB
Slab:              88360 kB
SReclaimable:      50280 kB
SUnreclaim:        38080 kB
KernelStack:        5088 kB
PageTables:        39340 kB
NFS_Unstable:          0 kB
Bounce:                0 kB
WritebackTmp:          0 kB
CommitLimit:     6198900 kB
Committed_AS:    4445564 kB
VmallocTotal:   34359738367 kB
VmallocUsed:      307344 kB
VmallocChunk:   34359424692 kB
HardwareCorrupted:     0 kB
AnonHugePages:         0 kB
HugePages_Total:       0
HugePages_Free:        0
HugePages_Rsvd:        0
HugePages_Surp:        0
Hugepagesize:       2048 kB
DirectMap4k:      227328 kB
DirectMap2M:     3958784 kB


CPU:total 8 (4 cores per cpu, 2 threads per core) family 6 model 30 stepping 5, cmov, cx8, fxsr, mmx, sse, sse2, sse3, ssse3, sse4.1, sse4.2, popcnt, ht

Memory: 4k page, physical 4037876k(981424k free), swap 4179964k(4179964k free)

vm_info: OpenJDK 64-Bit Server VM (20.0-b12) for linux-amd64 JRE (1.6.0_24-b24), built on Oct 24 2012 16:17:28 by "buildd" with gcc 4.6.3

time: Tue Nov  6 16:26:36 2012
elapsed time: 0 seconds

